#
# There is insufficient memory for the Java Runtime Environment to continue.
# Native memory allocation (malloc) failed to allocate 34359738368 bytes for committing reserved memory.
# Possible reasons:
#   The system is out of physical RAM or swap space
#   In 32 bit mode, the process size limit was hit
# Possible solutions:
#   Reduce memory load on the system
#   Increase physical memory or swap space
#   Check if swap backing store is full
#   Use 64 bit Java on a 64 bit OS
#   Decrease Java heap size (-Xmx/-Xms)
#   Decrease number of Java threads
#   Decrease Java thread stack sizes (-Xss)
#   Set larger code cache with -XX:ReservedCodeCacheSize=
# This output file may be truncated or incomplete.
#
#  Out of Memory Error (os_linux.cpp:2798), pid=19307, tid=140145923725056
#
# JRE version:  (7.0_65-b32) (build )
# Java VM: OpenJDK 64-Bit Server VM (24.65-b04 mixed mode linux-amd64 )
# Failed to write core dump. Core dumps have been disabled. To enable core dumping, try "ulimit -c unlimited" before starting Java again
#

---------------  T H R E A D  ---------------

Current thread (0x00007f763c00b000):  JavaThread "Unknown thread" [_thread_in_vm, id=19308, stack(0x00007f7643f01000,0x00007f7644002000)]

Stack: [0x00007f7643f01000,0x00007f7644002000],  sp=0x00007f7644000570,  free space=1021k
Native frames: (J=compiled Java code, j=interpreted, Vv=VM code, C=native code)
V  [libjvm.so+0x924383]  VMError::report_and_die()+0x173
V  [libjvm.so+0x488780]  report_vm_out_of_memory(char const*, int, unsigned long, char const*)+0x70
V  [libjvm.so+0x7aa413]  os::pd_commit_memory(char*, unsigned long, unsigned long, bool)+0x103
V  [libjvm.so+0x7a4106]  os::commit_memory(char*, unsigned long, unsigned long, bool)+0x26
V  [libjvm.so+0x81262b]  PSVirtualSpace::expand_by(unsigned long)+0x6b
V  [libjvm.so+0x8030a3]  PSOldGen::PSOldGen(ReservedSpace, unsigned long, unsigned long, unsigned long, unsigned long, char const*, int)+0x1b3
V  [libjvm.so+0x80c086]  PSPermGen::PSPermGen(ReservedSpace, unsigned long, unsigned long, unsigned long, unsigned long, char const*, int)+0x56
V  [libjvm.so+0x7c9786]  ParallelScavengeHeap::initialize()+0x5d6
V  [libjvm.so+0x8f6836]  Universe::initialize_heap()+0xc6
V  [libjvm.so+0x8f6b74]  universe_init()+0x64
V  [libjvm.so+0x58ed2f]  init_globals()+0x4f
V  [libjvm.so+0x8dd1f9]  Threads::create_vm(JavaVMInitArgs*, bool*)+0x329
V  [libjvm.so+0x5f93aa]  JNI_CreateJavaVM+0x5a
C  [libjli.so+0x2a47]


---------------  P R O C E S S  ---------------

Java Threads: ( => current thread )

Other Threads:

=>0x00007f763c00b000 (exited) JavaThread "Unknown thread" [_thread_in_vm, id=19308, stack(0x00007f7643f01000,0x00007f7644002000)]

VM state:not at safepoint (not fully initialized)

VM Mutex/Monitor currently owned by a thread: None

GC Heap History (0 events):
No events

Deoptimization events (0 events):
No events

Internal exceptions (0 events):
No events

Events (0 events):
No events


Dynamic libraries:
00400000-00401000 r-xp 00000000 08:01 140627                             /usr/lib/jvm/java-7-openjdk-amd64/jre/bin/java
00600000-00601000 r--p 00000000 08:01 140627                             /usr/lib/jvm/java-7-openjdk-amd64/jre/bin/java
00601000-00602000 rw-p 00001000 08:01 140627                             /usr/lib/jvm/java-7-openjdk-amd64/jre/bin/java
00faf000-00fd0000 rw-p 00000000 00:00 0                                  [heap]
7f6d3b033000-7f6d3f033000 rw-p 00000000 00:00 0 
7f6d3f033000-7f6d3f086000 rw-p 00000000 00:00 0 
7f6d3f086000-7f6d3f565000 rw-p 00000000 00:00 0 
7f6d3f565000-7f6d3f590000 rw-p 00000000 00:00 0 
7f6d3f590000-7f6d3f7ff000 rw-p 00000000 00:00 0 
7f6d3f7ff000-7f6d3f800000 rw-p 00000000 00:00 0 
7f753f800000-7f7549e00000 rw-p 00000000 00:00 0 
7f7549e00000-7f75e5d00000 rw-p 00000000 00:00 0 
7f75e5d00000-7f75eb080000 rw-p 00000000 00:00 0 
7f75eb080000-7f7639000000 rw-p 00000000 00:00 0 
7f7639000000-7f7639270000 rwxp 00000000 00:00 0 
7f7639270000-7f763c025000 rw-p 00000000 00:00 0 
7f763c025000-7f7640000000 ---p 00000000 00:00 0 
7f7640414000-7f76406a6000 rw-p 00000000 00:00 0 
7f76406a6000-7f7640b86000 rw-p 00000000 00:00 0 
7f7640b86000-7f7640b8e000 r-xp 00000000 08:01 403123                     /usr/lib/jvm/java-7-openjdk-amd64/jre/lib/amd64/libzip.so
7f7640b8e000-7f7640d8d000 ---p 00008000 08:01 403123                     /usr/lib/jvm/java-7-openjdk-amd64/jre/lib/amd64/libzip.so
7f7640d8d000-7f7640d8e000 r--p 00007000 08:01 403123                     /usr/lib/jvm/java-7-openjdk-amd64/jre/lib/amd64/libzip.so
7f7640d8e000-7f7640d8f000 rw-p 00008000 08:01 403123                     /usr/lib/jvm/java-7-openjdk-amd64/jre/lib/amd64/libzip.so
7f7640d8f000-7f7640d9b000 r-xp 00000000 08:01 146355                     /lib/x86_64-linux-gnu/libnss_files-2.15.so
7f7640d9b000-7f7640f9a000 ---p 0000c000 08:01 146355                     /lib/x86_64-linux-gnu/libnss_files-2.15.so
7f7640f9a000-7f7640f9b000 r--p 0000b000 08:01 146355                     /lib/x86_64-linux-gnu/libnss_files-2.15.so
7f7640f9b000-7f7640f9c000 rw-p 0000c000 08:01 146355                     /lib/x86_64-linux-gnu/libnss_files-2.15.so
7f7640f9c000-7f7640fa6000 r-xp 00000000 08:01 146359                     /lib/x86_64-linux-gnu/libnss_nis-2.15.so
7f7640fa6000-7f76411a6000 ---p 0000a000 08:01 146359                     /lib/x86_64-linux-gnu/libnss_nis-2.15.so
7f76411a6000-7f76411a7000 r--p 0000a000 08:01 146359                     /lib/x86_64-linux-gnu/libnss_nis-2.15.so
7f76411a7000-7f76411a8000 rw-p 0000b000 08:01 146359                     /lib/x86_64-linux-gnu/libnss_nis-2.15.so
7f76411a8000-7f76411bf000 r-xp 00000000 08:01 146371                     /lib/x86_64-linux-gnu/libnsl-2.15.so
7f76411bf000-7f76413be000 ---p 00017000 08:01 146371                     /lib/x86_64-linux-gnu/libnsl-2.15.so
7f76413be000-7f76413bf000 r--p 00016000 08:01 146371                     /lib/x86_64-linux-gnu/libnsl-2.15.so
7f76413bf000-7f76413c0000 rw-p 00017000 08:01 146371                     /lib/x86_64-linux-gnu/libnsl-2.15.so
7f76413c0000-7f76413c2000 rw-p 00000000 00:00 0 
7f76413c2000-7f76413ca000 r-xp 00000000 08:01 146353                     /lib/x86_64-linux-gnu/libnss_compat-2.15.so
7f76413ca000-7f76415c9000 ---p 00008000 08:01 146353                     /lib/x86_64-linux-gnu/libnss_compat-2.15.so
7f76415c9000-7f76415ca000 r--p 00007000 08:01 146353                     /lib/x86_64-linux-gnu/libnss_compat-2.15.so
7f76415ca000-7f76415cb000 rw-p 00008000 08:01 146353                     /lib/x86_64-linux-gnu/libnss_compat-2.15.so
7f76415cb000-7f76415f4000 r-xp 00000000 08:01 403108                     /usr/lib/jvm/java-7-openjdk-amd64/jre/lib/amd64/libjava.so
7f76415f4000-7f76417f3000 ---p 00029000 08:01 403108                     /usr/lib/jvm/java-7-openjdk-amd64/jre/lib/amd64/libjava.so
7f76417f3000-7f76417f4000 r--p 00028000 08:01 403108                     /usr/lib/jvm/java-7-openjdk-amd64/jre/lib/amd64/libjava.so
7f76417f4000-7f76417f6000 rw-p 00029000 08:01 403108                     /usr/lib/jvm/java-7-openjdk-amd64/jre/lib/amd64/libjava.so
7f76417f6000-7f7641804000 r-xp 00000000 08:01 403107                     /usr/lib/jvm/java-7-openjdk-amd64/jre/lib/amd64/libverify.so
7f7641804000-7f7641a03000 ---p 0000e000 08:01 403107                     /usr/lib/jvm/java-7-openjdk-amd64/jre/lib/amd64/libverify.so
7f7641a03000-7f7641a05000 r--p 0000d000 08:01 403107                     /usr/lib/jvm/java-7-openjdk-amd64/jre/lib/amd64/libverify.so
7f7641a05000-7f7641a06000 rw-p 0000f000 08:01 403107                     /usr/lib/jvm/java-7-openjdk-amd64/jre/lib/amd64/libverify.so
7f7641a06000-7f7641a0d000 r-xp 00000000 08:01 146358                     /lib/x86_64-linux-gnu/librt-2.15.so
7f7641a0d000-7f7641c0c000 ---p 00007000 08:01 146358                     /lib/x86_64-linux-gnu/librt-2.15.so
7f7641c0c000-7f7641c0d000 r--p 00006000 08:01 146358                     /lib/x86_64-linux-gnu/librt-2.15.so
7f7641c0d000-7f7641c0e000 rw-p 00007000 08:01 146358                     /lib/x86_64-linux-gnu/librt-2.15.so
7f7641c0e000-7f7641c23000 r-xp 00000000 08:01 135161                     /lib/x86_64-linux-gnu/libgcc_s.so.1
7f7641c23000-7f7641e22000 ---p 00015000 08:01 135161                     /lib/x86_64-linux-gnu/libgcc_s.so.1
7f7641e22000-7f7641e23000 r--p 00014000 08:01 135161                     /lib/x86_64-linux-gnu/libgcc_s.so.1
7f7641e23000-7f7641e24000 rw-p 00015000 08:01 135161                     /lib/x86_64-linux-gnu/libgcc_s.so.1
7f7641e24000-7f7641f1f000 r-xp 00000000 08:01 146362                     /lib/x86_64-linux-gnu/libm-2.15.so
7f7641f1f000-7f764211e000 ---p 000fb000 08:01 146362                     /lib/x86_64-linux-gnu/libm-2.15.so
7f764211e000-7f764211f000 r--p 000fa000 08:01 146362                     /lib/x86_64-linux-gnu/libm-2.15.so
7f764211f000-7f7642120000 rw-p 000fb000 08:01 146362                     /lib/x86_64-linux-gnu/libm-2.15.so
7f7642120000-7f7642202000 r-xp 00000000 08:01 1712381                    /usr/lib/x86_64-linux-gnu/libstdc++.so.6.0.16
7f7642202000-7f7642401000 ---p 000e2000 08:01 1712381                    /usr/lib/x86_64-linux-gnu/libstdc++.so.6.0.16
7f7642401000-7f7642409000 r--p 000e1000 08:01 1712381                    /usr/lib/x86_64-linux-gnu/libstdc++.so.6.0.16
7f7642409000-7f764240b000 rw-p 000e9000 08:01 1712381                    /usr/lib/x86_64-linux-gnu/libstdc++.so.6.0.16
7f764240b000-7f7642420000 rw-p 00000000 00:00 0 
7f7642420000-7f7642f0d000 r-xp 00000000 08:01 403112                     /usr/lib/jvm/java-7-openjdk-amd64/jre/lib/amd64/server/libjvm.so
7f7642f0d000-7f764310c000 ---p 00aed000 08:01 403112                     /usr/lib/jvm/java-7-openjdk-amd64/jre/lib/amd64/server/libjvm.so
7f764310c000-7f76431ad000 r--p 00aec000 08:01 403112                     /usr/lib/jvm/java-7-openjdk-amd64/jre/lib/amd64/server/libjvm.so
7f76431ad000-7f76431d0000 rw-p 00b8d000 08:01 403112                     /usr/lib/jvm/java-7-openjdk-amd64/jre/lib/amd64/server/libjvm.so
7f76431d0000-7f76431fd000 rw-p 00000000 00:00 0 
7f76431fd000-7f7643213000 r-xp 00000000 08:01 135251                     /lib/x86_64-linux-gnu/libz.so.1.2.3.4
7f7643213000-7f7643412000 ---p 00016000 08:01 135251                     /lib/x86_64-linux-gnu/libz.so.1.2.3.4
7f7643412000-7f7643413000 r--p 00015000 08:01 135251                     /lib/x86_64-linux-gnu/libz.so.1.2.3.4
7f7643413000-7f7643414000 rw-p 00016000 08:01 135251                     /lib/x86_64-linux-gnu/libz.so.1.2.3.4
7f7643414000-7f764342c000 r-xp 00000000 08:01 146360                     /lib/x86_64-linux-gnu/libpthread-2.15.so
7f764342c000-7f764362b000 ---p 00018000 08:01 146360                     /lib/x86_64-linux-gnu/libpthread-2.15.so
7f764362b000-7f764362c000 r--p 00017000 08:01 146360                     /lib/x86_64-linux-gnu/libpthread-2.15.so
7f764362c000-7f764362d000 rw-p 00018000 08:01 146360                     /lib/x86_64-linux-gnu/libpthread-2.15.so
7f764362d000-7f7643631000 rw-p 00000000 00:00 0 
7f7643631000-7f7643633000 r-xp 00000000 08:01 146366                     /lib/x86_64-linux-gnu/libdl-2.15.so
7f7643633000-7f7643833000 ---p 00002000 08:01 146366                     /lib/x86_64-linux-gnu/libdl-2.15.so
7f7643833000-7f7643834000 r--p 00002000 08:01 146366                     /lib/x86_64-linux-gnu/libdl-2.15.so
7f7643834000-7f7643835000 rw-p 00003000 08:01 146366                     /lib/x86_64-linux-gnu/libdl-2.15.so
7f7643835000-7f76439ea000 r-xp 00000000 08:01 135176                     /lib/x86_64-linux-gnu/libc-2.15.so
7f76439ea000-7f7643be9000 ---p 001b5000 08:01 135176                     /lib/x86_64-linux-gnu/libc-2.15.so
7f7643be9000-7f7643bed000 r--p 001b4000 08:01 135176                     /lib/x86_64-linux-gnu/libc-2.15.so
7f7643bed000-7f7643bef000 rw-p 001b8000 08:01 135176                     /lib/x86_64-linux-gnu/libc-2.15.so
7f7643bef000-7f7643bf4000 rw-p 00000000 00:00 0 
7f7643bf4000-7f7643c01000 r-xp 00000000 08:01 403092                     /usr/lib/jvm/java-7-openjdk-amd64/jre/lib/amd64/jli/libjli.so
7f7643c01000-7f7643e00000 ---p 0000d000 08:01 403092                     /usr/lib/jvm/java-7-openjdk-amd64/jre/lib/amd64/jli/libjli.so
7f7643e00000-7f7643e01000 r--p 0000c000 08:01 403092                     /usr/lib/jvm/java-7-openjdk-amd64/jre/lib/amd64/jli/libjli.so
7f7643e01000-7f7643e02000 rw-p 0000d000 08:01 403092                     /usr/lib/jvm/java-7-openjdk-amd64/jre/lib/amd64/jli/libjli.so
7f7643e02000-7f7643e24000 r-xp 00000000 08:01 146363                     /lib/x86_64-linux-gnu/ld-2.15.so
7f7643e41000-7f7643e4b000 rw-p 00000000 00:00 0 
7f7643e4b000-7f7643f01000 rw-p 00000000 00:00 0 
7f7643f01000-7f7643f04000 ---p 00000000 00:00 0 
7f7643f04000-7f7644007000 rw-p 00000000 00:00 0                          [stack:19308]
7f7644016000-7f7644018000 rw-p 00000000 00:00 0 
7f7644018000-7f7644020000 rw-s 00000000 08:01 2118069                    /tmp/hsperfdata_tomek/19307
7f7644020000-7f7644021000 rw-p 00000000 00:00 0 
7f7644021000-7f7644022000 r--p 00000000 00:00 0 
7f7644022000-7f7644024000 rw-p 00000000 00:00 0 
7f7644024000-7f7644025000 r--p 00022000 08:01 146363                     /lib/x86_64-linux-gnu/ld-2.15.so
7f7644025000-7f7644027000 rw-p 00023000 08:01 146363                     /lib/x86_64-linux-gnu/ld-2.15.so
7fffa5cf1000-7fffa5d13000 rw-p 00000000 00:00 0                          [stack]
7fffa5dfe000-7fffa5e00000 r-xp 00000000 00:00 0                          [vdso]
ffffffffff600000-ffffffffff601000 r-xp 00000000 00:00 0                  [vsyscall]

VM Arguments:
jvm_args: -XX:PermSize=32g -XX:MaxPermSize=32g -Didea.launcher.port=7543 -Didea.launcher.bin.path=/home/tomek/Tools/idea-IC-135.690/bin -Dfile.encoding=UTF-8 
java_command: com.intellij.rt.execution.application.AppMain com.kozlowst.management.MemMonitor
Launcher Type: SUN_STANDARD

Environment Variables:
JAVA_HOME=/usr/lib/jvm/java-1.7.0-openjdk-amd64
CLASSPATH=/home/tomek/Tools/idea-IC-135.690/bin/../lib/bootstrap.jar:/home/tomek/Tools/idea-IC-135.690/bin/../lib/extensions.jar:/home/tomek/Tools/idea-IC-135.690/bin/../lib/util.jar:/home/tomek/Tools/idea-IC-135.690/bin/../lib/jdom.jar:/home/tomek/Tools/idea-IC-135.690/bin/../lib/log4j.jar:/home/tomek/Tools/idea-IC-135.690/bin/../lib/trove4j.jar:/home/tomek/Tools/idea-IC-135.690/bin/../lib/jna.jar:/usr/lib/jvm/java-1.7.0-openjdk-amd64/lib/tools.jar
PATH=/home/tomek/Tools/android-studio/sdk:/home/tomek/Tools/android-studio/sdk/platform-tools:/home/tomek/Tools/gradle/bin:/usr/lib/jvm/java-1.7.0-openjdk-amd64/bin:/home/tomek/Tools/android-studio/sdk:/home/tomek/Tools/android-studio/sdk/platform-tools:/home/tomek/Tools/gradle/bin:/usr/lib/jvm/java-1.7.0-openjdk-amd64/bin:/usr/lib/lightdm/lightdm:/usr/local/sbin:/usr/local/bin:/usr/sbin:/usr/bin:/sbin:/bin:/usr/games
LD_LIBRARY_PATH=/home/tomek/Tools/idea-IC-135.690/bin:
SHELL=/bin/bash
DISPLAY=:0.0

Signal Handlers:
SIGSEGV: [libjvm.so+0x924de0], sa_mask[0]=0x7ffbfeff, sa_flags=0x10000004
SIGBUS: [libjvm.so+0x924de0], sa_mask[0]=0x7ffbfeff, sa_flags=0x10000004
SIGFPE: [libjvm.so+0x7a4d90], sa_mask[0]=0x7ffbfeff, sa_flags=0x10000004
SIGPIPE: [libjvm.so+0x7a4d90], sa_mask[0]=0x7ffbfeff, sa_flags=0x10000004
SIGXFSZ: [libjvm.so+0x7a4d90], sa_mask[0]=0x7ffbfeff, sa_flags=0x10000004
SIGILL: [libjvm.so+0x7a4d90], sa_mask[0]=0x7ffbfeff, sa_flags=0x10000004
SIGUSR1: SIG_DFL, sa_mask[0]=0x00000000, sa_flags=0x00000000
SIGUSR2: [libjvm.so+0x7a4fb0], sa_mask[0]=0x00000004, sa_flags=0x10000004
SIGHUP: SIG_DFL, sa_mask[0]=0x00000000, sa_flags=0x00000000
SIGINT: SIG_DFL, sa_mask[0]=0x00000000, sa_flags=0x00000000
SIGTERM: SIG_DFL, sa_mask[0]=0x00000000, sa_flags=0x00000000
SIGQUIT: SIG_DFL, sa_mask[0]=0x00000000, sa_flags=0x00000000
SIGTRAP: SIG_DFL, sa_mask[0]=0x00000000, sa_flags=0x00000000


---------------  S Y S T E M  ---------------

OS:Ubuntu 12.04 (precise)
uname:Linux 3.13.0-35-generic #62~precise1-Ubuntu SMP Mon Aug 18 14:52:04 UTC 2014 x86_64
libc:glibc 2.15 NPTL 2.15 
rlimit: STACK 8192k, CORE 0k, NPROC 127557, NOFILE 4096, AS infinity
load average:0.69 0.39 0.38

/proc/meminfo:
MemTotal:       16348340 kB
MemFree:         8862764 kB
Buffers:          470732 kB
Cached:          1996248 kB
SwapCached:            0 kB
Active:          5609436 kB
Inactive:        1322812 kB
Active(anon):    4467016 kB
Inactive(anon):    42768 kB
Active(file):    1142420 kB
Inactive(file):  1280044 kB
Unevictable:          48 kB
Mlocked:              48 kB
SwapTotal:      15624188 kB
SwapFree:       15624188 kB
Dirty:               348 kB
Writeback:             0 kB
AnonPages:       4465324 kB
Mapped:           321636 kB
Shmem:             44524 kB
Slab:             260456 kB
SReclaimable:     210876 kB
SUnreclaim:        49580 kB
KernelStack:        8368 kB
PageTables:        75532 kB
NFS_Unstable:          0 kB
Bounce:                0 kB
WritebackTmp:          0 kB
CommitLimit:    23798356 kB
Committed_AS:   11359188 kB
VmallocTotal:   34359738367 kB
VmallocUsed:      605284 kB
VmallocChunk:   34359125484 kB
HardwareCorrupted:     0 kB
AnonHugePages:   2191360 kB
HugePages_Total:       0
HugePages_Free:        0
HugePages_Rsvd:        0
HugePages_Surp:        0
Hugepagesize:       2048 kB
DirectMap4k:      242432 kB
DirectMap2M:     9109504 kB
DirectMap1G:     7340032 kB


CPU:total 8 (4 cores per cpu, 2 threads per core) family 6 model 60 stepping 3, cmov, cx8, fxsr, mmx, sse, sse2, sse3, ssse3, sse4.1, sse4.2, popcnt, avx, avx2, aes, erms, ht, tsc, tscinvbit

/proc/cpuinfo:
processor	: 0
vendor_id	: GenuineIntel
cpu family	: 6
model		: 60
model name	: Intel(R) Core(TM) i7-4702MQ CPU @ 2.20GHz
stepping	: 3
microcode	: 0x10
cpu MHz		: 800.000
cache size	: 6144 KB
physical id	: 0
siblings	: 8
core id		: 0
cpu cores	: 4
apicid		: 0
initial apicid	: 0
fpu		: yes
fpu_exception	: yes
cpuid level	: 13
wp		: yes
flags		: fpu vme de pse tsc msr pae mce cx8 apic sep mtrr pge mca cmov pat pse36 clflush dts acpi mmx fxsr sse sse2 ss ht tm pbe syscall nx pdpe1gb rdtscp lm constant_tsc arch_perfmon pebs bts rep_good nopl xtopology nonstop_tsc aperfmperf eagerfpu pni pclmulqdq dtes64 monitor ds_cpl vmx est tm2 ssse3 fma cx16 xtpr pdcm pcid sse4_1 sse4_2 movbe popcnt tsc_deadline_timer aes xsave avx f16c rdrand lahf_lm abm ida arat epb xsaveopt pln pts dtherm tpr_shadow vnmi flexpriority ept vpid fsgsbase tsc_adjust bmi1 avx2 smep bmi2 erms invpcid
bogomips	: 4390.04
clflush size	: 64
cache_alignment	: 64
address sizes	: 39 bits physical, 48 bits virtual
power management:

processor	: 1
vendor_id	: GenuineIntel
cpu family	: 6
model		: 60
model name	: Intel(R) Core(TM) i7-4702MQ CPU @ 2.20GHz
stepping	: 3
microcode	: 0x10
cpu MHz		: 800.000
cache size	: 6144 KB
physical id	: 0
siblings	: 8
core id		: 0
cpu cores	: 4
apicid		: 1
initial apicid	: 1
fpu		: yes
fpu_exception	: yes
cpuid level	: 13
wp		: yes
flags		: fpu vme de pse tsc msr pae mce cx8 apic sep mtrr pge mca cmov pat pse36 clflush dts acpi mmx fxsr sse sse2 ss ht tm pbe syscall nx pdpe1gb rdtscp lm constant_tsc arch_perfmon pebs bts rep_good nopl xtopology nonstop_tsc aperfmperf eagerfpu pni pclmulqdq dtes64 monitor ds_cpl vmx est tm2 ssse3 fma cx16 xtpr pdcm pcid sse4_1 sse4_2 movbe popcnt tsc_deadline_timer aes xsave avx f16c rdrand lahf_lm abm ida arat epb xsaveopt pln pts dtherm tpr_shadow vnmi flexpriority ept vpid fsgsbase tsc_adjust bmi1 avx2 smep bmi2 erms invpcid
bogomips	: 4390.04
clflush size	: 64
cache_alignment	: 64
address sizes	: 39 bits physical, 48 bits virtual
power management:

processor	: 2
vendor_id	: GenuineIntel
cpu family	: 6
model		: 60
model name	: Intel(R) Core(TM) i7-4702MQ CPU @ 2.20GHz
stepping	: 3
microcode	: 0x10
cpu MHz		: 900.000
cache size	: 6144 KB
physical id	: 0
siblings	: 8
core id		: 1
cpu cores	: 4
apicid		: 2
initial apicid	: 2
fpu		: yes
fpu_exception	: yes
cpuid level	: 13
wp		: yes
flags		: fpu vme de pse tsc msr pae mce cx8 apic sep mtrr pge mca cmov pat pse36 clflush dts acpi mmx fxsr sse sse2 ss ht tm pbe syscall nx pdpe1gb rdtscp lm constant_tsc arch_perfmon pebs bts rep_good nopl xtopology nonstop_tsc aperfmperf eagerfpu pni pclmulqdq dtes64 monitor ds_cpl vmx est tm2 ssse3 fma cx16 xtpr pdcm pcid sse4_1 sse4_2 movbe popcnt tsc_deadline_timer aes xsave avx f16c rdrand lahf_lm abm ida arat epb xsaveopt pln pts dtherm tpr_shadow vnmi flexpriority ept vpid fsgsbase tsc_adjust bmi1 avx2 smep bmi2 erms invpcid
bogomips	: 4390.04
clflush size	: 64
cache_alignment	: 64
address sizes	: 39 bits physical, 48 bits virtual
power management:

processor	: 3
vendor_id	: GenuineIntel
cpu family	: 6
model		: 60
model name	: Intel(R) Core(TM) i7-4702MQ CPU @ 2.20GHz
stepping	: 3
microcode	: 0x10
cpu MHz		: 1300.000
cache size	: 6144 KB
physical id	: 0
siblings	: 8
core id		: 1
cpu cores	: 4
apicid		: 3
initial apicid	: 3
fpu		: yes
fpu_exception	: yes
cpuid level	: 13
wp		: yes
flags		: fpu vme de pse tsc msr pae mce cx8 apic sep mtrr pge mca cmov pat pse36 clflush dts acpi mmx fxsr sse sse2 ss ht tm pbe syscall nx pdpe1gb rdtscp lm constant_tsc arch_perfmon pebs bts rep_good nopl xtopology nonstop_tsc aperfmperf eagerfpu pni pclmulqdq dtes64 monitor ds_cpl vmx est tm2 ssse3 fma cx16 xtpr pdcm pcid sse4_1 sse4_2 movbe popcnt tsc_deadline_timer aes xsave avx f16c rdrand lahf_lm abm ida arat epb xsaveopt pln pts dtherm tpr_shadow vnmi flexpriority ept vpid fsgsbase tsc_adjust bmi1 avx2 smep bmi2 erms invpcid
bogomips	: 4390.04
clflush size	: 64
cache_alignment	: 64
address sizes	: 39 bits physical, 48 bits virtual
power management:

processor	: 4
vendor_id	: GenuineIntel
cpu family	: 6
model		: 60
model name	: Intel(R) Core(TM) i7-4702MQ CPU @ 2.20GHz
stepping	: 3
microcode	: 0x10
cpu MHz		: 800.000
cache size	: 6144 KB
physical id	: 0
siblings	: 8
core id		: 2
cpu cores	: 4
apicid		: 4
initial apicid	: 4
fpu		: yes
fpu_exception	: yes
cpuid level	: 13
wp		: yes
flags		: fpu vme de pse tsc msr pae mce cx8 apic sep mtrr pge mca cmov pat pse36 clflush dts acpi mmx fxsr sse sse2 ss ht tm pbe syscall nx pdpe1gb rdtscp lm constant_tsc arch_perfmon pebs bts rep_good nopl xtopology nonstop_tsc aperfmperf eagerfpu pni pclmulqdq dtes64 monitor ds_cpl vmx est tm2 ssse3 fma cx16 xtpr pdcm pcid sse4_1 sse4_2 movbe popcnt tsc_deadline_timer aes xsave avx f16c rdrand lahf_lm abm ida arat epb xsaveopt pln pts dtherm tpr_shadow vnmi flexpriority ept vpid fsgsbase tsc_adjust bmi1 avx2 smep bmi2 erms invpcid
bogomips	: 4390.04
clflush size	: 64
cache_alignment	: 64
address sizes	: 39 bits physical, 48 bits virtual
power management:

processor	: 5
vendor_id	: GenuineIntel
cpu family	: 6
model		: 60
model name	: Intel(R) Core(TM) i7-4702MQ CPU @ 2.20GHz
stepping	: 3
microcode	: 0x10
cpu MHz		: 800.000
cache size	: 6144 KB
physical id	: 0
siblings	: 8
core id		: 2
cpu cores	: 4
apicid		: 5
initial apicid	: 5
fpu		: yes
fpu_exception	: yes
cpuid level	: 13
wp		: yes
flags		: fpu vme de pse tsc msr pae mce cx8 apic sep mtrr pge mca cmov pat pse36 clflush dts acpi mmx fxsr sse sse2 ss ht tm pbe syscall nx pdpe1gb rdtscp lm constant_tsc arch_perfmon pebs bts rep_good nopl xtopology nonstop_tsc aperfmperf eagerfpu pni pclmulqdq dtes64 monitor ds_cpl vmx est tm2 ssse3 fma cx16 xtpr pdcm pcid sse4_1 sse4_2 movbe popcnt tsc_deadline_timer aes xsave avx f16c rdrand lahf_lm abm ida arat epb xsaveopt pln pts dtherm tpr_shadow vnmi flexpriority ept vpid fsgsbase tsc_adjust bmi1 avx2 smep bmi2 erms invpcid
bogomips	: 4390.04
clflush size	: 64
cache_alignment	: 64
address sizes	: 39 bits physical, 48 bits virtual
power management:

processor	: 6
vendor_id	: GenuineIntel
cpu family	: 6
model		: 60
model name	: Intel(R) Core(TM) i7-4702MQ CPU @ 2.20GHz
stepping	: 3
microcode	: 0x10
cpu MHz		: 800.000
cache size	: 6144 KB
physical id	: 0
siblings	: 8
core id		: 3
cpu cores	: 4
apicid		: 6
initial apicid	: 6
fpu		: yes
fpu_exception	: yes
cpuid level	: 13
wp		: yes
flags		: fpu vme de pse tsc msr pae mce cx8 apic sep mtrr pge mca cmov pat pse36 clflush dts acpi mmx fxsr sse sse2 ss ht tm pbe syscall nx pdpe1gb rdtscp lm constant_tsc arch_perfmon pebs bts rep_good nopl xtopology nonstop_tsc aperfmperf eagerfpu pni pclmulqdq dtes64 monitor ds_cpl vmx est tm2 ssse3 fma cx16 xtpr pdcm pcid sse4_1 sse4_2 movbe popcnt tsc_deadline_timer aes xsave avx f16c rdrand lahf_lm abm ida arat epb xsaveopt pln pts dtherm tpr_shadow vnmi flexpriority ept vpid fsgsbase tsc_adjust bmi1 avx2 smep bmi2 erms invpcid
bogomips	: 4390.04
clflush size	: 64
cache_alignment	: 64
address sizes	: 39 bits physical, 48 bits virtual
power management:

processor	: 7
vendor_id	: GenuineIntel
cpu family	: 6
model		: 60
model name	: Intel(R) Core(TM) i7-4702MQ CPU @ 2.20GHz
stepping	: 3
microcode	: 0x10
cpu MHz		: 800.000
cache size	: 6144 KB
physical id	: 0
siblings	: 8
core id		: 3
cpu cores	: 4
apicid		: 7
initial apicid	: 7
fpu		: yes
fpu_exception	: yes
cpuid level	: 13
wp		: yes
flags		: fpu vme de pse tsc msr pae mce cx8 apic sep mtrr pge mca cmov pat pse36 clflush dts acpi mmx fxsr sse sse2 ss ht tm pbe syscall nx pdpe1gb rdtscp lm constant_tsc arch_perfmon pebs bts rep_good nopl xtopology nonstop_tsc aperfmperf eagerfpu pni pclmulqdq dtes64 monitor ds_cpl vmx est tm2 ssse3 fma cx16 xtpr pdcm pcid sse4_1 sse4_2 movbe popcnt tsc_deadline_timer aes xsave avx f16c rdrand lahf_lm abm ida arat epb xsaveopt pln pts dtherm tpr_shadow vnmi flexpriority ept vpid fsgsbase tsc_adjust bmi1 avx2 smep bmi2 erms invpcid
bogomips	: 4390.04
clflush size	: 64
cache_alignment	: 64
address sizes	: 39 bits physical, 48 bits virtual
power management:



Memory: 4k page, physical 16348340k(8862764k free), swap 15624188k(15624188k free)

vm_info: OpenJDK 64-Bit Server VM (24.65-b04) for linux-amd64 JRE (1.7.0_65-b32), built on Aug 23 2014 13:37:14 by "buildd" with gcc 4.6.3

time: Sun Oct 19 11:14:12 2014
elapsed time: 0 seconds

